[2025-05-16 15:56:58,819] [INFO] 🚀 Démarré sur 0.0.0.0:5000
[2025-05-16 15:57:02,016] [INFO] 🚀 Démarré sur 0.0.0.0:5000
[2025-05-16 15:57:16,433] [INFO] 📩 Action reçue : register
[2025-05-16 15:57:16,433] [INFO] 🆕 Tentative d'inscription : a
[2025-05-16 15:57:16,437] [INFO] ✅ Inscription réussie pour a (hash: ca978112ca1bbdcafac231b39a23dc4da786eff8147c4e72b9807785afee48bb)
[2025-05-16 15:57:17,496] [INFO] 📩 Action reçue : login
[2025-05-16 15:57:17,497] [INFO] 🔐 Tentative de connexion : a
[2025-05-16 15:57:17,498] [INFO] 🔎 Hash du mot de passe fourni : ca978112ca1bbdcafac231b39a23dc4da786eff8147c4e72b9807785afee48bb
[2025-05-16 15:57:17,512] [DEBUG] 🆔 Token généré pour a : fededf1e-adb5-4dc7-8843-07da0bf2bfe2
[2025-05-16 15:57:17,512] [INFO] ✅ Connexion réussie pour a (token fededf1e-adb5-4dc7-8843-07da0bf2bfe2)
[2025-05-16 15:57:17,661] [INFO] 📩 Action reçue : register_key
[2025-05-16 15:57:17,663] [INFO] 📥 Requête d’enregistrement de clé publique pour a
[2025-05-16 15:57:17,665] [DEBUG] 🔎 Clé publique reçue (brut PEM) :
-----BEGIN PUBLIC KEY-----
MIIBIjANBgkqhkiG9w0BAQEFAAOCAQ8AMIIBCgKCAQEAsnnhp70UEwtkUtCIiemb
YUeNCB6eeGtaX0IA6apj/ex05gqYZtJb+W/Hc21H5q0RPJ5n1WSeROC60ivAXazG
YvY6v1NwZRe419SClZiWAqSPUrrZyeNol/wMW09+jjoqrKtf1SQf3ooTW8N9u3Ud
RUC3Vdmdq7H+qdPaTPFwmZlnKk6Pri8A5hk4N88C4V2789dNqdKr5hjhdiP+nJHP
8iG1QL6jAiOheuXVK+qG7xIpDljFchW6lR11qxsR/qoXbjssyrXSOuzI/pQ9u0St
ml9Sb+FGRIP14sehb+3hv3foy374I3Etwv50tb9Ba8RnDz4IX0IQ6RGKMMoqbHJ9
WQIDAQAB
-----END PUBLIC KEY-----

[2025-05-16 15:57:17,667] [INFO] 🔑 Clé publique enregistrée pour a :
-----BEGIN PUBLIC KEY-----
MIIBIjANBgkqhkiG9w0BAQEFAAOCAQ8AMIIBCgKCAQEAsnnhp70UEwtkUtCIiemb
YUeNCB6eeGtaX0IA6apj/ex05gqYZtJb+W/Hc21H5q0RPJ5n1WSeROC60ivAXazG
YvY6v1NwZRe419SClZiWAqSPUrrZyeNol/wMW09+jjoqrKtf1SQf3ooTW8N9u3Ud
RUC3Vdmdq7H+qdPaTPFwmZlnKk6Pri8A5hk4N88C4V2789dNqdKr5hjhdiP+nJHP
8iG1QL6jAiOheuXVK+qG7xIpDljFchW6lR11qxsR/qoXbjssyrXSOuzI/pQ9u0St
ml9Sb+FGRIP14sehb+3hv3foy374I3Etwv50tb9Ba8RnDz4IX0IQ6RGKMMoqbHJ9
WQIDAQAB
-----END PUBLIC KEY-----

[2025-05-16 15:57:22,620] [INFO] 📩 Action reçue : register
[2025-05-16 15:57:22,620] [INFO] 🆕 Tentative d'inscription : b
[2025-05-16 15:57:22,624] [INFO] ✅ Inscription réussie pour b (hash: 3e23e8160039594a33894f6564e1b1348bbd7a0088d42c4acb73eeaed59c009d)
[2025-05-16 15:57:23,793] [INFO] 📩 Action reçue : login
[2025-05-16 15:57:23,794] [INFO] 🔐 Tentative de connexion : b
[2025-05-16 15:57:23,795] [INFO] 🔎 Hash du mot de passe fourni : 3e23e8160039594a33894f6564e1b1348bbd7a0088d42c4acb73eeaed59c009d
[2025-05-16 15:57:23,798] [DEBUG] 🆔 Token généré pour b : 09bc164f-ed01-48ce-8bd8-f7d4c436aed7
[2025-05-16 15:57:23,798] [INFO] ✅ Connexion réussie pour b (token 09bc164f-ed01-48ce-8bd8-f7d4c436aed7)
[2025-05-16 15:57:23,915] [INFO] 📩 Action reçue : register_key
[2025-05-16 15:57:23,917] [INFO] 📥 Requête d’enregistrement de clé publique pour b
[2025-05-16 15:57:23,918] [DEBUG] 🔎 Clé publique reçue (brut PEM) :
-----BEGIN PUBLIC KEY-----
MIIBIjANBgkqhkiG9w0BAQEFAAOCAQ8AMIIBCgKCAQEAq33AF97j/nivsSgE4rLb
viXH1HgBKxX7rAq98+VfSAHibfVvWyd00h3TdyTRy509/ocAEZxrSXoFkt6mddtS
tRUqeYfucDUBlJ6FqB9P1zzSNz9McL3bFT3id6lVjlGdCkFEFHbMk3yRI5HpgQsi
fM9HW992y4rCqoSGWAEUbQzq53SIZRgvmoivCEdOWRwkoSBYJzsRXRzZcGQoFnO5
Xa7BpERP58pbbV+x7lZqjsv5jS9wF0pLzpUnbaAvHZtMhN+eZr6065tTKJskI07a
zo5UKYrK94tQjM48d5ZhTSaWPQ/2ZtXpB1DlHof8qwUcBUBXjlD0Z91zVDnVFup6
7wIDAQAB
-----END PUBLIC KEY-----

[2025-05-16 15:57:23,919] [INFO] 🔑 Clé publique enregistrée pour b :
-----BEGIN PUBLIC KEY-----
MIIBIjANBgkqhkiG9w0BAQEFAAOCAQ8AMIIBCgKCAQEAq33AF97j/nivsSgE4rLb
viXH1HgBKxX7rAq98+VfSAHibfVvWyd00h3TdyTRy509/ocAEZxrSXoFkt6mddtS
tRUqeYfucDUBlJ6FqB9P1zzSNz9McL3bFT3id6lVjlGdCkFEFHbMk3yRI5HpgQsi
fM9HW992y4rCqoSGWAEUbQzq53SIZRgvmoivCEdOWRwkoSBYJzsRXRzZcGQoFnO5
Xa7BpERP58pbbV+x7lZqjsv5jS9wF0pLzpUnbaAvHZtMhN+eZr6065tTKJskI07a
zo5UKYrK94tQjM48d5ZhTSaWPQ/2ZtXpB1DlHof8qwUcBUBXjlD0Z91zVDnVFup6
7wIDAQAB
-----END PUBLIC KEY-----

[2025-05-16 15:57:26,835] [INFO] 📩 Action reçue : get_key
[2025-05-16 15:57:26,838] [INFO] 🔍 Clé publique renvoyée pour a :
-----BEGIN PUBLIC KEY-----
MIIBIjANBgkqhkiG9w0BAQEFAAOCAQ8AMIIBCgKCAQEAsnnhp70UEwtkUtCIiemb
YUeNCB6eeGtaX0IA6apj/ex05gqYZtJb+W/Hc21H5q0RPJ5n1WSeROC60ivAXazG
YvY6v1NwZRe419SClZiWAqSPUrrZyeNol/wMW09+jjoqrKtf1SQf3ooTW8N9u3Ud
RUC3Vdmdq7H+qdPaTPFwmZlnKk6Pri8A5hk4N88C4V2789dNqdKr5hjhdiP+nJHP
8iG1QL6jAiOheuXVK+qG7xIpDljFchW6lR11qxsR/qoXbjssyrXSOuzI/pQ9u0St
ml9Sb+FGRIP14sehb+3hv3foy374I3Etwv50tb9Ba8RnDz4IX0IQ6RGKMMoqbHJ9
WQIDAQAB
-----END PUBLIC KEY-----

[2025-05-16 15:57:30,601] [INFO] 📩 Action reçue : send_message
[2025-05-16 15:57:30,603] [INFO] 📤 Nouveau message reçu de b à destination de a
[2025-05-16 15:57:30,603] [DEBUG] 🔒 Payload brut reçu (str) : {"message": "55cab23fe15f93fb19210efd5a3de5153bd9f17a284638db7ac9c7e725745dbe17490ab5a9eac3de20328edba5ac48139010d3662f7f079a7384d01caae9e66a0f952ba14ae10235e7c080844b404323ecd6585ae4545198a6be9e42e48b91234a2fddc2b16c7b071b6374e169fd9ac82e52f641d025657bf3ee0551f096034b2a8ea531371ca5833ace602abdf68a15e1d113315a2f1bb2fc511ba9c78e4cb341826d631cba892f416bfb8db4627b5fa6b786b65594b1cda4cc0d362ad5b49a567823438ad72d785179ad237c0952555e2fdc846103cf4df29de4899b5bea6d73aaf82de60522c94445b130074d222097069be44bc926a1a32e3bafea5f6559", "signature": "75d034169f87cee8e7bb2073862a877e464b14729effb44b901bb1db01f1f8f972b4ca006a27de2328a49e550ab16e3df27af352ccdd6003992b6cf69b4e6011e951480c25f41e49b8844bf8579daa3d2962b75f7b768a8851e031a5de879f0fc8235868863ac97cc2f2693be03182ee8cb81f9cfa207facfadeb5e2db56ed8c6d3a3e4dbdf6b6340e9cd82763a81c58d42f05bd646d6467150cb61323bd985c58cfea8a1730bfdf3a3ac7797af827bc97ba4651f3cd66843bcee65603713c19188c3c9044c07000180dcd7f0647457a1b7b1416ff40b05be1a674b356d04bdff5a3b4660703ea05960525ffb5d988cb98e5e3d154ad3cf7c1d29446a7bf7025", "escrow": "2ce567584d89d32d884c2b61fd51f27a7c34f5d57c6c43c377cb1220ca7fea8996719aea577208f06e0f5ebe7861778c1f736eb55474d6aa766e9cb71d93157b1403999988fd80d33cb811f5eab3a3709f45e62cbab716f3227d327bfd3d37b28deef0e16dc25f940cbc58b75f6d0d9b36eeebc5b46de3dee38b700cd21d485c8c4e2dfc160e2ecb73d057093a9d46262b36fbb9259a123f7b96f3e34070b70f398fc72af07d9fdd78421fb4cb7af2803a2bf7726a1dc0bdccbbda5f7eaf5746373ced2cfa9c345024cb939fd5a2a79ef25276346da959d9939c469054f65472171cb25087d30c3fb824cfad3fc5579722c0f7434a17b5479f3454d81e2f9444", "id": "9ae3511b968b4b6fbe6235b54c0a02f4"}
[2025-05-16 15:57:30,603] [DEBUG] 📦 Payload déstructuré (parsed):
[2025-05-16 15:57:30,604] [DEBUG]  - ID du message : 9ae3511b968b4b6fbe6235b54c0a02f4
[2025-05-16 15:57:30,604] [DEBUG]  - Méthode de chiffrement : RSA-OAEP
[2025-05-16 15:57:30,604] [DEBUG]  - Algorithme de signature : RSA-PSS
[2025-05-16 15:57:30,604] [DEBUG]  - Chiffrement destinataire (hex) : 55cab23fe15f93fb19210efd5a3de5153bd9f17a284638db7ac9c7e725745dbe17490ab5a9eac3de20328edba5ac48139010d3662f7f079a7384d01caae9e66a0f952ba14ae10235e7c080844b404323ecd6585ae4545198a6be9e42e48b91234a2fddc2b16c7b071b6374e169fd9ac82e52f641d025657bf3ee0551f096034b2a8ea531371ca5833ace602abdf68a15e1d113315a2f1bb2fc511ba9c78e4cb341826d631cba892f416bfb8db4627b5fa6b786b65594b1cda4cc0d362ad5b49a567823438ad72d785179ad237c0952555e2fdc846103cf4df29de4899b5bea6d73aaf82de60522c94445b130074d222097069be44bc926a1a32e3bafea5f6559
[2025-05-16 15:57:30,604] [DEBUG]  - Signature (hex) : 75d034169f87cee8e7bb2073862a877e464b14729effb44b901bb1db01f1f8f972b4ca006a27de2328a49e550ab16e3df27af352ccdd6003992b6cf69b4e6011e951480c25f41e49b8844bf8579daa3d2962b75f7b768a8851e031a5de879f0fc8235868863ac97cc2f2693be03182ee8cb81f9cfa207facfadeb5e2db56ed8c6d3a3e4dbdf6b6340e9cd82763a81c58d42f05bd646d6467150cb61323bd985c58cfea8a1730bfdf3a3ac7797af827bc97ba4651f3cd66843bcee65603713c19188c3c9044c07000180dcd7f0647457a1b7b1416ff40b05be1a674b356d04bdff5a3b4660703ea05960525ffb5d988cb98e5e3d154ad3cf7c1d29446a7bf7025
[2025-05-16 15:57:30,604] [DEBUG]  - Escrow (hex) : 2ce567584d89d32d884c2b61fd51f27a7c34f5d57c6c43c377cb1220ca7fea8996719aea577208f06e0f5ebe7861778c1f736eb55474d6aa766e9cb71d93157b1403999988fd80d33cb811f5eab3a3709f45e62cbab716f3227d327bfd3d37b28deef0e16dc25f940cbc58b75f6d0d9b36eeebc5b46de3dee38b700cd21d485c8c4e2dfc160e2ecb73d057093a9d46262b36fbb9259a123f7b96f3e34070b70f398fc72af07d9fdd78421fb4cb7af2803a2bf7726a1dc0bdccbbda5f7eaf5746373ced2cfa9c345024cb939fd5a2a79ef25276346da959d9939c469054f65472171cb25087d30c3fb824cfad3fc5579722c0f7434a17b5479f3454d81e2f9444
[2025-05-16 15:57:30,607] [INFO] ✅ Message stocké pour a (ID: 9ae3511b968b4b6fbe6235b54c0a02f4)
[2025-05-16 15:57:33,614] [INFO] 📩 Action reçue : get_key
[2025-05-16 15:57:33,617] [INFO] 🔍 Clé publique renvoyée pour b :
-----BEGIN PUBLIC KEY-----
MIIBIjANBgkqhkiG9w0BAQEFAAOCAQ8AMIIBCgKCAQEAq33AF97j/nivsSgE4rLb
viXH1HgBKxX7rAq98+VfSAHibfVvWyd00h3TdyTRy509/ocAEZxrSXoFkt6mddtS
tRUqeYfucDUBlJ6FqB9P1zzSNz9McL3bFT3id6lVjlGdCkFEFHbMk3yRI5HpgQsi
fM9HW992y4rCqoSGWAEUbQzq53SIZRgvmoivCEdOWRwkoSBYJzsRXRzZcGQoFnO5
Xa7BpERP58pbbV+x7lZqjsv5jS9wF0pLzpUnbaAvHZtMhN+eZr6065tTKJskI07a
zo5UKYrK94tQjM48d5ZhTSaWPQ/2ZtXpB1DlHof8qwUcBUBXjlD0Z91zVDnVFup6
7wIDAQAB
-----END PUBLIC KEY-----

[2025-05-16 15:57:33,664] [INFO] 📩 Action reçue : get_key
[2025-05-16 15:57:33,667] [INFO] 🔍 Clé publique renvoyée pour b :
-----BEGIN PUBLIC KEY-----
MIIBIjANBgkqhkiG9w0BAQEFAAOCAQ8AMIIBCgKCAQEAq33AF97j/nivsSgE4rLb
viXH1HgBKxX7rAq98+VfSAHibfVvWyd00h3TdyTRy509/ocAEZxrSXoFkt6mddtS
tRUqeYfucDUBlJ6FqB9P1zzSNz9McL3bFT3id6lVjlGdCkFEFHbMk3yRI5HpgQsi
fM9HW992y4rCqoSGWAEUbQzq53SIZRgvmoivCEdOWRwkoSBYJzsRXRzZcGQoFnO5
Xa7BpERP58pbbV+x7lZqjsv5jS9wF0pLzpUnbaAvHZtMhN+eZr6065tTKJskI07a
zo5UKYrK94tQjM48d5ZhTSaWPQ/2ZtXpB1DlHof8qwUcBUBXjlD0Z91zVDnVFup6
7wIDAQAB
-----END PUBLIC KEY-----

[2025-05-16 15:57:36,077] [INFO] 📩 Action reçue : send_message
[2025-05-16 15:57:36,079] [INFO] 📤 Nouveau message reçu de a à destination de b
[2025-05-16 15:57:36,079] [DEBUG] 🔒 Payload brut reçu (str) : {"message": "5c73395d59b95c63a60009ec7f747c6fe54651eb44801d7ab77a0cea53a91e684c03e49ce272d1e29f11432fcf43756791e9545d320cf5a7b0e7d11319d1169e96d509f271d8dfe956f32ce7533c85eb032a6e6a159b7cc541b66b8155df0c5dfe6c6d270e2015990a13c3955adb8d61a0945baaf88136d1193ec51d61c65b0034ed3be692174ed59417e9045c6d720d12e63be3bfb1583eeb9ef63f8980a65636403adc0edc01dc89f2e1ee600c20e1768548e5f91e77854331ebb4d39b2ba538320a6d5ef7c68d89474831213ec7d6cf15ce33e0f5badd12565e4788755ce00c4615621ec3c403a10281f857b911a1b1d8cebb72905044df4e79866b07de04", "signature": "95d967495e900b664ea23f276fe297c7c0286a5c557b398ea29eb83017bd7bda95a7abdb238947cebeff809d3fe0dfb920a129963f559d9a9199197cc49e4039a099647dab49f45d7108418156d05507adcb472a2b4d94cd4a8a70357b7c94c34cec8d9d61e60deda94de687829faea54c8c39115c11698b424ab99ef43ae5f0e44e7739d5691f5f71805a688efae267ffeb8be8d7618594c1c9dc5033776966351a926e91033ffafd0412f15909e3b3fbfc14b03188e7a3b52c37beeca84bdbecb328efbd110c5a7fe1a592297ecd2eb92dbb4a6114bfe72f2f9e5347a6059ee173a228e2dab480795a9609928c11b1d7e6ec5f95a854117da049b5e93e9f7a", "escrow": "21a14631726f5647f2b4258ce792863f6df885caf0ba5b1c405f3f22cc1ca0fd3d918d4ae04a527cef9e10bb8d6c86b22ec75469f78d331095bbfd0c127fa8a6afa74cd7b063e7454ad12b8e9b7c7059cda6408e800fdbec9908c52a2ff4e26b261a1068c243a027bfc3e9ca6ee6866a598e36041a53861428aff1b865c83baa881462bb28e2f4860e21b53a1646713ace44dd738c4db22c59117939e49649988b543154231195d1dcfb98e37319f5e49d9d7b3600f1e30600a371ef9eff160a12c113d49ff200ee9146d67ca5306e6bc7fe449e7f602d32243d00a9e3aec5520f8a4240f63a22093df7738b6b678beeb40286f7021a4903753cdd85604bf485", "id": "48b60e7feb1b4c7a9f0694546ac573e6"}
[2025-05-16 15:57:36,079] [DEBUG] 📦 Payload déstructuré (parsed):
[2025-05-16 15:57:36,079] [DEBUG]  - ID du message : 48b60e7feb1b4c7a9f0694546ac573e6
[2025-05-16 15:57:36,080] [DEBUG]  - Méthode de chiffrement : RSA-OAEP
[2025-05-16 15:57:36,080] [DEBUG]  - Algorithme de signature : RSA-PSS
[2025-05-16 15:57:36,080] [DEBUG]  - Chiffrement destinataire (hex) : 5c73395d59b95c63a60009ec7f747c6fe54651eb44801d7ab77a0cea53a91e684c03e49ce272d1e29f11432fcf43756791e9545d320cf5a7b0e7d11319d1169e96d509f271d8dfe956f32ce7533c85eb032a6e6a159b7cc541b66b8155df0c5dfe6c6d270e2015990a13c3955adb8d61a0945baaf88136d1193ec51d61c65b0034ed3be692174ed59417e9045c6d720d12e63be3bfb1583eeb9ef63f8980a65636403adc0edc01dc89f2e1ee600c20e1768548e5f91e77854331ebb4d39b2ba538320a6d5ef7c68d89474831213ec7d6cf15ce33e0f5badd12565e4788755ce00c4615621ec3c403a10281f857b911a1b1d8cebb72905044df4e79866b07de04
[2025-05-16 15:57:36,080] [DEBUG]  - Signature (hex) : 95d967495e900b664ea23f276fe297c7c0286a5c557b398ea29eb83017bd7bda95a7abdb238947cebeff809d3fe0dfb920a129963f559d9a9199197cc49e4039a099647dab49f45d7108418156d05507adcb472a2b4d94cd4a8a70357b7c94c34cec8d9d61e60deda94de687829faea54c8c39115c11698b424ab99ef43ae5f0e44e7739d5691f5f71805a688efae267ffeb8be8d7618594c1c9dc5033776966351a926e91033ffafd0412f15909e3b3fbfc14b03188e7a3b52c37beeca84bdbecb328efbd110c5a7fe1a592297ecd2eb92dbb4a6114bfe72f2f9e5347a6059ee173a228e2dab480795a9609928c11b1d7e6ec5f95a854117da049b5e93e9f7a
[2025-05-16 15:57:36,080] [DEBUG]  - Escrow (hex) : 21a14631726f5647f2b4258ce792863f6df885caf0ba5b1c405f3f22cc1ca0fd3d918d4ae04a527cef9e10bb8d6c86b22ec75469f78d331095bbfd0c127fa8a6afa74cd7b063e7454ad12b8e9b7c7059cda6408e800fdbec9908c52a2ff4e26b261a1068c243a027bfc3e9ca6ee6866a598e36041a53861428aff1b865c83baa881462bb28e2f4860e21b53a1646713ace44dd738c4db22c59117939e49649988b543154231195d1dcfb98e37319f5e49d9d7b3600f1e30600a371ef9eff160a12c113d49ff200ee9146d67ca5306e6bc7fe449e7f602d32243d00a9e3aec5520f8a4240f63a22093df7738b6b678beeb40286f7021a4903753cdd85604bf485
[2025-05-16 15:57:36,083] [INFO] ✅ Message stocké pour b (ID: 48b60e7feb1b4c7a9f0694546ac573e6)
[2025-05-16 15:57:36,982] [INFO] 📩 Action reçue : get_key
[2025-05-16 15:57:37,007] [INFO] 🔍 Clé publique renvoyée pour a :
-----BEGIN PUBLIC KEY-----
MIIBIjANBgkqhkiG9w0BAQEFAAOCAQ8AMIIBCgKCAQEAsnnhp70UEwtkUtCIiemb
YUeNCB6eeGtaX0IA6apj/ex05gqYZtJb+W/Hc21H5q0RPJ5n1WSeROC60ivAXazG
YvY6v1NwZRe419SClZiWAqSPUrrZyeNol/wMW09+jjoqrKtf1SQf3ooTW8N9u3Ud
RUC3Vdmdq7H+qdPaTPFwmZlnKk6Pri8A5hk4N88C4V2789dNqdKr5hjhdiP+nJHP
8iG1QL6jAiOheuXVK+qG7xIpDljFchW6lR11qxsR/qoXbjssyrXSOuzI/pQ9u0St
ml9Sb+FGRIP14sehb+3hv3foy374I3Etwv50tb9Ba8RnDz4IX0IQ6RGKMMoqbHJ9
WQIDAQAB
-----END PUBLIC KEY-----

[2025-05-16 15:57:49,658] [INFO] 📩 Action reçue : send_message
[2025-05-16 15:57:49,660] [INFO] 📤 Nouveau message reçu de a à destination de b
[2025-05-16 15:57:49,660] [DEBUG] 🔒 Payload brut reçu (str) : {"message": "72ef485d840e6569afd55947de9b0ca3e9b867b528c5ed16142e2b1eca29e8d23a38c541104cf3b46d52eccfb9839ffdbe5b13e61b7950f3b08762362ba00fa8452f20b88da6129d7110d41f4b8dafc5a76c68e75281e712d7a35374a9c3af1bf12bf98c24a51c9b0f05c237cfc1993e1fcd7ba4c97cc9b69957db502c6e6e58f51b4402495e11c83244a63a6d0619bada1f6b9c6eab5af37de75c6a2c521c7c37a0eb8184060d8b52d3ca622328309046de1b964bde629432d1085189cc043a620a38caedca18b4f1b11c7f5bbd510f007d89dfff0a353dd53d11d479d28648fa7f93194004c6484ca516f4775d14ebecdba4dc9af1ef9141e400ffbf501c71", "signature": "6a5c19c4963e459092cbadd5d1c0a5753c98820f092f291b787f0cc2abd7c89827056884cacb96432587d7e97f9b2efecc4b46016ffee877cc5276e39a14a6cb802906bfb10ee8effb8193e5faf93712c9a4f9ff80adbf6446164541dda9e6ece735ffb67decd49014bce7fc2f470b281afbd621e9a3cbcb68cf9223c1b3f8aac0290d686bc7893623ff1660c30e8b1f96f105d8a3b2dbb438f66b872c818e15f5a29899850f04258ab8a054d85373ee0de83dfb9459fc34a419f17b6a300d2704a12a81e354c0864194672b808b3c2f30b34d6b508e6847d97fab40816a4914ad035272397e2764bf0ba3fbd601701c41bd4688b70ca3f1323bc74cf8abe12a", "escrow": "8388f12fe8cdb7c9cc40677b314d350a8764bd12bf6433166ec4ddb4ec6bb8d31604510f4f92aada699c3c2955151bdd36dc23ed5f278619b1126945935af37af45ae7cd860c89f7e5dfdeac1bfb535e42fdd0ddd083a208cf970164810530156a5680d16224abf7f0b6aad2dc6d6cb8a7275a63e257bc9003bf2a4546e9a93615c4caec052a4fde067effe8443f8e671f08d8fc844c70aeb0eddb157cdcf396b90e5ee95407d41b9bcaddfa55f981bf8c05b478c3b737dbbd53e543ca9a43a61b9d9a7166af25e63994ebde9a46da135d8be06c6d27d0e8798100dfa248a4b34ca3347e59b840e3e49c93d449aac8f8cb79a4a9f117594b4068e50164d4a197", "id": "2d13f8d37e5143c486e0e7f11d800f2b"}
[2025-05-16 15:57:49,660] [DEBUG] 📦 Payload déstructuré (parsed):
[2025-05-16 15:57:49,660] [DEBUG]  - ID du message : 2d13f8d37e5143c486e0e7f11d800f2b
[2025-05-16 15:57:49,660] [DEBUG]  - Méthode de chiffrement : RSA-OAEP
[2025-05-16 15:57:49,660] [DEBUG]  - Algorithme de signature : RSA-PSS
[2025-05-16 15:57:49,661] [DEBUG]  - Chiffrement destinataire (hex) : 72ef485d840e6569afd55947de9b0ca3e9b867b528c5ed16142e2b1eca29e8d23a38c541104cf3b46d52eccfb9839ffdbe5b13e61b7950f3b08762362ba00fa8452f20b88da6129d7110d41f4b8dafc5a76c68e75281e712d7a35374a9c3af1bf12bf98c24a51c9b0f05c237cfc1993e1fcd7ba4c97cc9b69957db502c6e6e58f51b4402495e11c83244a63a6d0619bada1f6b9c6eab5af37de75c6a2c521c7c37a0eb8184060d8b52d3ca622328309046de1b964bde629432d1085189cc043a620a38caedca18b4f1b11c7f5bbd510f007d89dfff0a353dd53d11d479d28648fa7f93194004c6484ca516f4775d14ebecdba4dc9af1ef9141e400ffbf501c71
[2025-05-16 15:57:49,661] [DEBUG]  - Signature (hex) : 6a5c19c4963e459092cbadd5d1c0a5753c98820f092f291b787f0cc2abd7c89827056884cacb96432587d7e97f9b2efecc4b46016ffee877cc5276e39a14a6cb802906bfb10ee8effb8193e5faf93712c9a4f9ff80adbf6446164541dda9e6ece735ffb67decd49014bce7fc2f470b281afbd621e9a3cbcb68cf9223c1b3f8aac0290d686bc7893623ff1660c30e8b1f96f105d8a3b2dbb438f66b872c818e15f5a29899850f04258ab8a054d85373ee0de83dfb9459fc34a419f17b6a300d2704a12a81e354c0864194672b808b3c2f30b34d6b508e6847d97fab40816a4914ad035272397e2764bf0ba3fbd601701c41bd4688b70ca3f1323bc74cf8abe12a
[2025-05-16 15:57:49,661] [DEBUG]  - Escrow (hex) : 8388f12fe8cdb7c9cc40677b314d350a8764bd12bf6433166ec4ddb4ec6bb8d31604510f4f92aada699c3c2955151bdd36dc23ed5f278619b1126945935af37af45ae7cd860c89f7e5dfdeac1bfb535e42fdd0ddd083a208cf970164810530156a5680d16224abf7f0b6aad2dc6d6cb8a7275a63e257bc9003bf2a4546e9a93615c4caec052a4fde067effe8443f8e671f08d8fc844c70aeb0eddb157cdcf396b90e5ee95407d41b9bcaddfa55f981bf8c05b478c3b737dbbd53e543ca9a43a61b9d9a7166af25e63994ebde9a46da135d8be06c6d27d0e8798100dfa248a4b34ca3347e59b840e3e49c93d449aac8f8cb79a4a9f117594b4068e50164d4a197
[2025-05-16 15:57:49,664] [INFO] ✅ Message stocké pour b (ID: 2d13f8d37e5143c486e0e7f11d800f2b)
[2025-05-16 15:57:50,180] [INFO] 📩 Action reçue : get_key
[2025-05-16 15:57:50,183] [INFO] 🔍 Clé publique renvoyée pour a :
-----BEGIN PUBLIC KEY-----
MIIBIjANBgkqhkiG9w0BAQEFAAOCAQ8AMIIBCgKCAQEAsnnhp70UEwtkUtCIiemb
YUeNCB6eeGtaX0IA6apj/ex05gqYZtJb+W/Hc21H5q0RPJ5n1WSeROC60ivAXazG
YvY6v1NwZRe419SClZiWAqSPUrrZyeNol/wMW09+jjoqrKtf1SQf3ooTW8N9u3Ud
RUC3Vdmdq7H+qdPaTPFwmZlnKk6Pri8A5hk4N88C4V2789dNqdKr5hjhdiP+nJHP
8iG1QL6jAiOheuXVK+qG7xIpDljFchW6lR11qxsR/qoXbjssyrXSOuzI/pQ9u0St
ml9Sb+FGRIP14sehb+3hv3foy374I3Etwv50tb9Ba8RnDz4IX0IQ6RGKMMoqbHJ9
WQIDAQAB
-----END PUBLIC KEY-----

